# JRE version: OpenJDK Runtime Environment Temurin-17.0.18+8 (17.0.18+8) (build 17.0.18+8)
# Java VM: OpenJDK 64-Bit Server VM Temurin-17.0.18+8 (17.0.18+8, mixed mode, sharing, tiered, compressed oops, compressed class ptrs, g1 gc, windows-amd64)
GC Precious Log:
 CPUs: 8 total, 8 available
 Memory: 7412M
 Large Page Support: Disabled
 NUMA Support: Disabled
 Compressed Oops: Enabled (Zero based)
 Heap Region Size: 2M
 Heap Min Capacity: 8M
 Heap Initial Capacity: 116M
 Heap Max Capacity: 3G
 Pre-touch: Disabled
 Parallel Workers: 8
 Concurrent Workers: 2
 Concurrent Refinement Workers: 8
 Periodic GC: Disabled
Heap:
 garbage-first heap   total 174080K, used 130782K [0x0000000740000000, 0x0000000800000000)
  region size 2048K, 27 young (55296K), 4 survivors (8192K)
 Metaspace       used 84246K, committed 85312K, reserved 557056K
  class space    used 11893K, committed 12416K, reserved 425984K
GC Heap History (20 events):
Event: 12.203 GC heap before
{Heap before GC invocations=16 (full 0):
 garbage-first heap   total 122880K, used 104266K [0x0000000740000000, 0x0000000800000000)
  region size 2048K, 28 young (57344K), 4 survivors (8192K)
 Metaspace       used 55973K, committed 56576K, reserved 491520K
  class space    used 7846K, committed 8128K, reserved 425984K
}
Event: 12.210 GC heap after
{Heap after GC invocations=17 (full 0):
 garbage-first heap   total 122880K, used 58983K [0x0000000740000000, 0x0000000800000000)
  region size 2048K, 4 young (8192K), 4 survivors (8192K)
 Metaspace       used 55973K, committed 56576K, reserved 491520K
  class space    used 7846K, committed 8128K, reserved 425984K
}
Event: 12.790 GC heap before
{Heap before GC invocations=17 (full 0):
 garbage-first heap   total 122880K, used 93799K [0x0000000740000000, 0x0000000800000000)
  region size 2048K, 21 young (43008K), 4 survivors (8192K)
 Metaspace       used 59238K, committed 59968K, reserved 491520K
  class space    used 8303K, committed 8640K, reserved 425984K
}
Event: 12.795 GC heap after
{Heap after GC invocations=18 (full 0):
 garbage-first heap   total 122880K, used 60828K [0x0000000740000000, 0x0000000800000000)
  region size 2048K, 1 young (2048K), 1 survivors (2048K)
 Metaspace       used 59238K, committed 59968K, reserved 491520K
  class space    used 8303K, committed 8640K, reserved 425984K
}
Event: 12.875 GC heap before
{Heap before GC invocations=18 (full 0):
 garbage-first heap   total 122880K, used 64924K [0x0000000740000000, 0x0000000800000000)
  region size 2048K, 4 young (8192K), 1 survivors (2048K)
 Metaspace       used 59572K, committed 60288K, reserved 491520K
  class space    used 8351K, committed 8640K, reserved 425984K
}
Event: 12.877 GC heap after
{Heap after GC invocations=19 (full 0):
 garbage-first heap   total 122880K, used 60926K [0x0000000740000000, 0x0000000800000000)
  region size 2048K, 2 young (4096K), 2 survivors (4096K)
 Metaspace       used 59572K, committed 60288K, reserved 491520K
  class space    used 8351K, committed 8640K, reserved 425984K
}
Event: 13.354 GC heap before
{Heap before GC invocations=20 (full 0):
 garbage-first heap   total 122880K, used 95742K [0x0000000740000000, 0x0000000800000000)
  region size 2048K, 19 young (38912K), 2 survivors (4096K)
 Metaspace       used 62272K, committed 63040K, reserved 491520K
  class space    used 8780K, committed 9152K, reserved 425984K
}
Event: 13.360 GC heap after
{Heap after GC invocations=21 (full 0):
 garbage-first heap   total 122880K, used 61631K [0x0000000740000000, 0x0000000800000000)
  region size 2048K, 2 young (4096K), 2 survivors (4096K)
 Metaspace       used 62272K, committed 63040K, reserved 491520K
  class space    used 8780K, committed 9152K, reserved 425984K
}
Event: 13.976 GC heap before
{Heap before GC invocations=21 (full 0):
 garbage-first heap   total 122880K, used 98495K [0x0000000740000000, 0x0000000800000000)
  region size 2048K, 20 young (40960K), 2 survivors (4096K)
 Metaspace       used 64581K, committed 65280K, reserved 491520K
  class space    used 9126K, committed 9472K, reserved 425984K
}
Event: 13.981 GC heap after
{Heap after GC invocations=22 (full 0):
 garbage-first heap   total 174080K, used 62698K [0x0000000740000000, 0x0000000800000000)
  region size 2048K, 2 young (4096K), 2 survivors (4096K)
 Metaspace       used 64581K, committed 65280K, reserved 491520K
  class space    used 9126K, committed 9472K, reserved 425984K
}
Event: 15.256 GC heap before
{Heap before GC invocations=23 (full 0):
 garbage-first heap   total 174080K, used 140522K [0x0000000740000000, 0x0000000800000000)
  region size 2048K, 40 young (81920K), 2 survivors (4096K)
 Metaspace       used 68435K, committed 69248K, reserved 491520K
  class space    used 9646K, committed 10048K, reserved 425984K
}
Event: 15.267 GC heap after
{Heap after GC invocations=24 (full 0):
 garbage-first heap   total 174080K, used 69457K [0x0000000740000000, 0x0000000800000000)
  region size 2048K, 5 young (10240K), 5 survivors (10240K)
 Metaspace       used 68435K, committed 69248K, reserved 491520K
  class space    used 9646K, committed 10048K, reserved 425984K
}
Event: 16.381 GC heap before
{Heap before GC invocations=24 (full 0):
 garbage-first heap   total 174080K, used 139089K [0x0000000740000000, 0x0000000800000000)
  region size 2048K, 39 young (79872K), 5 survivors (10240K)
 Metaspace       used 71400K, committed 72256K, reserved 491520K
  class space    used 10000K, committed 10432K, reserved 425984K
}
Event: 16.389 GC heap after
{Heap after GC invocations=25 (full 0):
 garbage-first heap   total 174080K, used 74401K [0x0000000740000000, 0x0000000800000000)
  region size 2048K, 4 young (8192K), 4 survivors (8192K)
 Metaspace       used 71400K, committed 72256K, reserved 491520K
  class space    used 10000K, committed 10432K, reserved 425984K
}
Event: 17.108 GC heap before
{Heap before GC invocations=25 (full 0):
 garbage-first heap   total 174080K, used 137889K [0x0000000740000000, 0x0000000800000000)
  region size 2048K, 35 young (71680K), 4 survivors (8192K)
 Metaspace       used 75187K, committed 76096K, reserved 491520K
  class space    used 10516K, committed 10944K, reserved 425984K
}
Event: 17.116 GC heap after
{Heap after GC invocations=26 (full 0):
 garbage-first heap   total 174080K, used 77824K [0x0000000740000000, 0x0000000800000000)
  region size 2048K, 3 young (6144K), 3 survivors (6144K)
 Metaspace       used 75187K, committed 76096K, reserved 491520K
  class space    used 10516K, committed 10944K, reserved 425984K
}
Event: 18.183 GC heap before
{Heap before GC invocations=26 (full 0):
 garbage-first heap   total 174080K, used 139264K [0x0000000740000000, 0x0000000800000000)
  region size 2048K, 33 young (67584K), 3 survivors (6144K)
 Metaspace       used 77495K, committed 78464K, reserved 557056K
  class space    used 10871K, committed 11328K, reserved 425984K
}
Event: 18.191 GC heap after
{Heap after GC invocations=27 (full 0):
 garbage-first heap   total 174080K, used 82150K [0x0000000740000000, 0x0000000800000000)
  region size 2048K, 5 young (10240K), 5 survivors (10240K)
 Metaspace       used 77495K, committed 78464K, reserved 557056K
  class space    used 10871K, committed 11328K, reserved 425984K
}
Event: 19.072 GC heap before
{Heap before GC invocations=27 (full 0):
 garbage-first heap   total 174080K, used 137446K [0x0000000740000000, 0x0000000800000000)
  region size 2048K, 32 young (65536K), 5 survivors (10240K)
 Metaspace       used 80173K, committed 81152K, reserved 557056K
  class space    used 11360K, committed 11840K, reserved 425984K
}
Event: 19.082 GC heap after
{Heap after GC invocations=28 (full 0):
 garbage-first heap   total 174080K, used 87774K [0x0000000740000000, 0x0000000800000000)
  region size 2048K, 4 young (8192K), 4 survivors (8192K)
 Metaspace       used 80173K, committed 81152K, reserved 557056K
  class space    used 11360K, committed 11840K, reserved 425984K
}

