# JRE version: OpenJDK Runtime Environment Temurin-17.0.18+8 (17.0.18+8) (build 17.0.18+8)
# Java VM: OpenJDK 64-Bit Server VM Temurin-17.0.18+8 (17.0.18+8, mixed mode, sharing, tiered, compressed oops, compressed class ptrs, g1 gc, windows-amd64)
GC Precious Log:
 CPUs: 8 total, 8 available
 Memory: 7412M
 Large Page Support: Disabled
 NUMA Support: Disabled
 Compressed Oops: Enabled (32-bit)
 Heap Region Size: 1M
 Heap Min Capacity: 8M
 Heap Initial Capacity: 116M
 Heap Max Capacity: 1854M
 Pre-touch: Disabled
 Parallel Workers: 8
 Concurrent Workers: 2
 Concurrent Refinement Workers: 8
 Periodic GC: Disabled
Heap:
 garbage-first heap   total 340992K, used 279283K [0x000000008c200000, 0x0000000100000000)
  region size 1024K, 23 young (23552K), 4 survivors (4096K)
 Metaspace       used 91228K, committed 91584K, reserved 1179648K
  class space    used 9177K, committed 9344K, reserved 1048576K
GC Heap History (20 events):
Event: 109.825 GC heap before
{Heap before GC invocations=67 (full 0):
 garbage-first heap   total 340992K, used 287832K [0x000000008c200000, 0x0000000100000000)
  region size 1024K, 44 young (45056K), 6 survivors (6144K)
 Metaspace       used 83765K, committed 84160K, reserved 1179648K
  class space    used 8598K, committed 8768K, reserved 1048576K
}
Event: 109.842 GC heap after
{Heap after GC invocations=68 (full 0):
 garbage-first heap   total 340992K, used 250679K [0x000000008c200000, 0x0000000100000000)
  region size 1024K, 5 young (5120K), 5 survivors (5120K)
 Metaspace       used 83765K, committed 84160K, reserved 1179648K
  class space    used 8598K, committed 8768K, reserved 1048576K
}
Event: 112.922 GC heap before
{Heap before GC invocations=68 (full 0):
 garbage-first heap   total 340992K, used 290615K [0x000000008c200000, 0x0000000100000000)
  region size 1024K, 44 young (45056K), 5 survivors (5120K)
 Metaspace       used 85133K, committed 85440K, reserved 1179648K
  class space    used 8703K, committed 8832K, reserved 1048576K
}
Event: 112.929 GC heap after
{Heap after GC invocations=69 (full 0):
 garbage-first heap   total 340992K, used 251735K [0x000000008c200000, 0x0000000100000000)
  region size 1024K, 3 young (3072K), 3 survivors (3072K)
 Metaspace       used 85133K, committed 85440K, reserved 1179648K
  class space    used 8703K, committed 8832K, reserved 1048576K
}
Event: 115.469 GC heap before
{Heap before GC invocations=69 (full 0):
 garbage-first heap   total 340992K, used 292695K [0x000000008c200000, 0x0000000100000000)
  region size 1024K, 43 young (44032K), 3 survivors (3072K)
 Metaspace       used 85492K, committed 85824K, reserved 1179648K
  class space    used 8738K, committed 8896K, reserved 1048576K
}
Event: 115.475 GC heap after
{Heap after GC invocations=70 (full 0):
 garbage-first heap   total 340992K, used 253055K [0x000000008c200000, 0x0000000100000000)
  region size 1024K, 5 young (5120K), 5 survivors (5120K)
 Metaspace       used 85492K, committed 85824K, reserved 1179648K
  class space    used 8738K, committed 8896K, reserved 1048576K
}
Event: 117.947 GC heap before
{Heap before GC invocations=70 (full 0):
 garbage-first heap   total 340992K, used 292991K [0x000000008c200000, 0x0000000100000000)
  region size 1024K, 44 young (45056K), 5 survivors (5120K)
 Metaspace       used 85784K, committed 86144K, reserved 1179648K
  class space    used 8742K, committed 8896K, reserved 1048576K
}
Event: 117.959 GC heap after
{Heap after GC invocations=71 (full 0):
 garbage-first heap   total 340992K, used 253991K [0x000000008c200000, 0x0000000100000000)
  region size 1024K, 4 young (4096K), 4 survivors (4096K)
 Metaspace       used 85784K, committed 86144K, reserved 1179648K
  class space    used 8742K, committed 8896K, reserved 1048576K
}
Event: 120.706 GC heap before
{Heap before GC invocations=71 (full 0):
 garbage-first heap   total 340992K, used 294951K [0x000000008c200000, 0x0000000100000000)
  region size 1024K, 44 young (45056K), 4 survivors (4096K)
 Metaspace       used 85947K, committed 86272K, reserved 1179648K
  class space    used 8743K, committed 8896K, reserved 1048576K
}
Event: 120.716 GC heap after
{Heap after GC invocations=72 (full 0):
 garbage-first heap   total 340992K, used 255750K [0x000000008c200000, 0x0000000100000000)
  region size 1024K, 5 young (5120K), 5 survivors (5120K)
 Metaspace       used 85947K, committed 86272K, reserved 1179648K
  class space    used 8743K, committed 8896K, reserved 1048576K
}
Event: 121.822 GC heap before
{Heap before GC invocations=72 (full 0):
 garbage-first heap   total 340992K, used 296710K [0x000000008c200000, 0x0000000100000000)
  region size 1024K, 45 young (46080K), 5 survivors (5120K)
 Metaspace       used 85994K, committed 86336K, reserved 1179648K
  class space    used 8743K, committed 8896K, reserved 1048576K
}
Event: 121.831 GC heap after
{Heap after GC invocations=73 (full 0):
 garbage-first heap   total 340992K, used 256807K [0x000000008c200000, 0x0000000100000000)
  region size 1024K, 5 young (5120K), 5 survivors (5120K)
 Metaspace       used 85994K, committed 86336K, reserved 1179648K
  class space    used 8743K, committed 8896K, reserved 1048576K
}
Event: 123.630 GC heap before
{Heap before GC invocations=73 (full 0):
 garbage-first heap   total 340992K, used 296743K [0x000000008c200000, 0x0000000100000000)
  region size 1024K, 44 young (45056K), 5 survivors (5120K)
 Metaspace       used 86095K, committed 86464K, reserved 1179648K
  class space    used 8743K, committed 8896K, reserved 1048576K
}
Event: 123.637 GC heap after
{Heap after GC invocations=74 (full 0):
 garbage-first heap   total 340992K, used 257803K [0x000000008c200000, 0x0000000100000000)
  region size 1024K, 4 young (4096K), 4 survivors (4096K)
 Metaspace       used 86095K, committed 86464K, reserved 1179648K
  class space    used 8743K, committed 8896K, reserved 1048576K
}
Event: 126.520 GC heap before
{Heap before GC invocations=74 (full 0):
 garbage-first heap   total 340992K, used 298763K [0x000000008c200000, 0x0000000100000000)
  region size 1024K, 44 young (45056K), 4 survivors (4096K)
 Metaspace       used 86251K, committed 86592K, reserved 1179648K
  class space    used 8743K, committed 8896K, reserved 1048576K
}
Event: 126.529 GC heap after
{Heap after GC invocations=75 (full 0):
 garbage-first heap   total 340992K, used 259007K [0x000000008c200000, 0x0000000100000000)
  region size 1024K, 4 young (4096K), 4 survivors (4096K)
 Metaspace       used 86251K, committed 86592K, reserved 1179648K
  class space    used 8743K, committed 8896K, reserved 1048576K
}
Event: 128.105 GC heap before
{Heap before GC invocations=75 (full 0):
 garbage-first heap   total 340992K, used 298943K [0x000000008c200000, 0x0000000100000000)
  region size 1024K, 43 young (44032K), 4 survivors (4096K)
 Metaspace       used 86415K, committed 86784K, reserved 1179648K
  class space    used 8748K, committed 8896K, reserved 1048576K
}
Event: 128.113 GC heap after
{Heap after GC invocations=76 (full 0):
 garbage-first heap   total 340992K, used 259996K [0x000000008c200000, 0x0000000100000000)
  region size 1024K, 3 young (3072K), 3 survivors (3072K)
 Metaspace       used 86415K, committed 86784K, reserved 1179648K
  class space    used 8748K, committed 8896K, reserved 1048576K
}
Event: 130.386 GC heap before
{Heap before GC invocations=76 (full 0):
 garbage-first heap   total 340992K, used 299932K [0x000000008c200000, 0x0000000100000000)
  region size 1024K, 42 young (43008K), 3 survivors (3072K)
 Metaspace       used 88221K, committed 88576K, reserved 1179648K
  class space    used 8885K, committed 9024K, reserved 1048576K
}
Event: 130.396 GC heap after
{Heap after GC invocations=77 (full 0):
 garbage-first heap   total 340992K, used 260851K [0x000000008c200000, 0x0000000100000000)
  region size 1024K, 4 young (4096K), 4 survivors (4096K)
 Metaspace       used 88221K, committed 88576K, reserved 1179648K
  class space    used 8885K, committed 9024K, reserved 1048576K
}

